<?xml version="1.0" encoding="UTF-8"?>
<!-- Generated by org.testng.reporters.JUnitReportReporter -->
<testsuite hostname="LAPTOP-L3J53GMF" failures="0" tests="1" name="TestCases.clickSections" time="16.302" errors="0" timestamp="2021-04-09T17:21:38 IST" skipped="0">
  <testcase classname="TestCases.clickSections" name="clickOperation" time="16.302"/>
  <system-out/>
</testsuite> <!-- TestCases.clickSections -->
