<?xml version="1.0" encoding="UTF-8"?>
<!-- Generated by org.testng.reporters.JUnitReportReporter -->
<testsuite hostname="LAPTOP-L3J53GMF" failures="0" tests="1" name="TestCases.screenshotCompare" time="6.769" errors="0" timestamp="2021-04-09T17:21:38 IST" skipped="0">
  <testcase classname="TestCases.screenshotCompare" name="compareScreenshot" time="6.769"/>
  <system-out/>
</testsuite> <!-- TestCases.screenshotCompare -->
